<?xml version="1.0" encoding="UTF-8"?>
<testng-results skipped="0" failed="0" total="1" passed="1">
  <reporter-output>
  </reporter-output>
  <suite name="Default suite" duration-ms="22" started-at="2020-10-26T10:06:14Z" finished-at="2020-10-26T10:06:14Z">
    <groups>
    </groups>
    <test name="Default test" duration-ms="22" started-at="2020-10-26T10:06:14Z" finished-at="2020-10-26T10:06:14Z">
      <class name="testRunner.Runner2">
        <test-method status="PASS" signature="beforeTest()[pri:0, instance:testRunner.Runner2@69930714]" name="beforeTest" is-config="true" duration-ms="9" started-at="2020-10-26T11:06:14Z" finished-at="2020-10-26T11:06:14Z">
          <reporter-output>
          </reporter-output>
        </test-method> <!-- beforeTest -->
        <test-method status="PASS" signature="f()[pri:0, instance:testRunner.Runner2@69930714]" name="f" duration-ms="3" started-at="2020-10-26T11:06:14Z" finished-at="2020-10-26T11:06:14Z">
          <reporter-output>
          </reporter-output>
        </test-method> <!-- f -->
        <test-method status="PASS" signature="afterTest()[pri:0, instance:testRunner.Runner2@69930714]" name="afterTest" is-config="true" duration-ms="0" started-at="2020-10-26T11:06:14Z" finished-at="2020-10-26T11:06:14Z">
          <reporter-output>
          </reporter-output>
        </test-method> <!-- afterTest -->
      </class> <!-- testRunner.Runner2 -->
    </test> <!-- Default test -->
  </suite> <!-- Default suite -->
</testng-results>
